0 info it worked if it ends with ok
1 verbose cli [ 'node', '/usr/local/bin/npm', 'install', 'http-server', '-g' ]
2 info using npm@2.10.1
3 info using node@v0.12.4
4 verbose install initial load of /usr/local/lib/package.json
5 verbose readDependencies loading dependencies from /usr/local/lib/package.json
6 silly cache add args [ 'http-server', null ]
7 verbose cache add spec http-server
8 silly cache add parsed spec { raw: 'http-server',
8 silly cache add   scope: null,
8 silly cache add   name: 'http-server',
8 silly cache add   rawSpec: '',
8 silly cache add   spec: '*',
8 silly cache add   type: 'range' }
9 silly addNamed http-server@*
10 verbose addNamed "*" is a valid semver range for http-server
11 silly addNameRange { name: 'http-server', range: '*', hasData: false }
12 silly mapToRegistry name http-server
13 silly mapToRegistry using default registry
14 silly mapToRegistry registry https://registry.npmjs.org/
15 silly mapToRegistry uri https://registry.npmjs.org/http-server
16 verbose addNameRange registry:https://registry.npmjs.org/http-server not in flight; fetching
17 verbose request uri https://registry.npmjs.org/http-server
18 verbose request no auth needed
19 info attempt registry request try #1 at 3:32:33 PM
20 verbose request id 8d3797ad7f0f223b
21 verbose etag "25ARICSAF1LUWME9BZJB36Q2C"
22 http request GET https://registry.npmjs.org/http-server
23 http 200 https://registry.npmjs.org/http-server
24 silly get cb [ 200,
24 silly get   { server: 'CouchDB/1.5.0 (Erlang OTP/R16B03)',
24 silly get     etag: '"ILTHUYPY0WE1VBWL4H4CNPWT"',
24 silly get     'content-type': 'application/json',
24 silly get     'cache-control': 'max-age=60',
24 silly get     'content-length': '44752',
24 silly get     'accept-ranges': 'bytes',
24 silly get     date: 'Tue, 26 May 2015 19:32:34 GMT',
24 silly get     via: '1.1 varnish',
24 silly get     age: '32',
24 silly get     connection: 'keep-alive',
24 silly get     'x-served-by': 'cache-jfk1023-JFK',
24 silly get     'x-cache': 'HIT',
24 silly get     'x-cache-hits': '1',
24 silly get     'x-timer': 'S1432668754.804732,VS0,VE0',
24 silly get     vary: 'Accept' } ]
25 verbose get saving http-server to /Users/chris.toms/.npm/registry.npmjs.org/http-server/.cache.json
26 silly addNameRange number 2 { name: 'http-server', range: '*', hasData: true }
27 silly addNameRange versions [ 'http-server',
27 silly addNameRange   [ '0.1.0',
27 silly addNameRange     '0.1.1',
27 silly addNameRange     '0.1.3',
27 silly addNameRange     '0.2.1',
27 silly addNameRange     '0.2.2',
27 silly addNameRange     '0.2.3',
27 silly addNameRange     '0.2.4',
27 silly addNameRange     '0.2.5',
27 silly addNameRange     '0.2.6',
27 silly addNameRange     '0.2.9',
27 silly addNameRange     '0.3.0',
27 silly addNameRange     '0.4.0',
27 silly addNameRange     '0.4.1',
27 silly addNameRange     '0.5.0',
27 silly addNameRange     '0.5.1',
27 silly addNameRange     '0.5.2',
27 silly addNameRange     '0.5.3',
27 silly addNameRange     '0.5.5',
27 silly addNameRange     '0.6.0',
27 silly addNameRange     '0.6.1',
27 silly addNameRange     '0.7.0',
27 silly addNameRange     '0.7.1',
27 silly addNameRange     '0.7.2',
27 silly addNameRange     '0.7.3',
27 silly addNameRange     '0.7.4',
27 silly addNameRange     '0.7.5',
27 silly addNameRange     '0.8.0' ] ]
28 silly addNamed http-server@0.8.0
29 verbose addNamed "0.8.0" is a plain semver version for http-server
30 silly mapToRegistry name http-server
31 silly mapToRegistry using default registry
32 silly mapToRegistry registry https://registry.npmjs.org/
33 silly mapToRegistry uri https://registry.npmjs.org/http-server
34 verbose addRemoteTarball https://registry.npmjs.org/http-server/-/http-server-0.8.0.tgz not in flight; adding
35 verbose addRemoteTarball [ 'https://registry.npmjs.org/http-server/-/http-server-0.8.0.tgz',
35 verbose addRemoteTarball   'd4b671781ec6bf9fa6a311cd1df683b0b37b1491' ]
36 info retry fetch attempt 1 at 3:32:34 PM
37 info attempt registry request try #1 at 3:32:34 PM
38 http fetch GET https://registry.npmjs.org/http-server/-/http-server-0.8.0.tgz
39 http fetch 200 https://registry.npmjs.org/http-server/-/http-server-0.8.0.tgz
40 silly fetchAndShaCheck shasum d4b671781ec6bf9fa6a311cd1df683b0b37b1491
41 verbose addTmpTarball /var/folders/96/z_1xb9d50034yj9dj4d9tvlr0000gq/T/npm-586-60bc9fe9/registry.npmjs.org/http-server/-/http-server-0.8.0.tgz not in flight; adding
42 verbose addTmpTarball already have metadata; skipping unpack for http-server@0.8.0
43 silly cache afterAdd http-server@0.8.0
44 verbose afterAdd /Users/chris.toms/.npm/http-server/0.8.0/package/package.json not in flight; writing
45 verbose afterAdd /Users/chris.toms/.npm/http-server/0.8.0/package/package.json written
46 silly install resolved [ { name: 'http-server',
46 silly install resolved     version: '0.8.0',
46 silly install resolved     description: 'A simple zero-configuration command-line http server',
46 silly install resolved     main: './lib/http-server',
46 silly install resolved     repository:
46 silly install resolved      { type: 'git',
46 silly install resolved        url: 'git://github.com/indexzero/http-server.git' },
46 silly install resolved     keywords: [ 'cli', 'command' ],
46 silly install resolved     scripts:
46 silly install resolved      { start: 'node ./bin/http-server',
46 silly install resolved        pretest: 'stylezero bin/ lib/ test',
46 silly install resolved        test: 'vows --spec --isolate' },
46 silly install resolved     contributors:
46 silly install resolved      [ [Object],
46 silly install resolved        [Object],
46 silly install resolved        [Object],
46 silly install resolved        [Object],
46 silly install resolved        [Object],
46 silly install resolved        [Object],
46 silly install resolved        [Object],
46 silly install resolved        [Object],
46 silly install resolved        [Object],
46 silly install resolved        [Object] ],
46 silly install resolved     dependencies:
46 silly install resolved      { colors: '1.0.3',
46 silly install resolved        optimist: '0.6.x',
46 silly install resolved        union: '~0.4.3',
46 silly install resolved        ecstatic: '~0.7.0',
46 silly install resolved        'http-proxy': '^1.8.1',
46 silly install resolved        portfinder: '0.4.x',
46 silly install resolved        opener: '~1.4.0',
46 silly install resolved        corser: '~2.0.0' },
46 silly install resolved     devDependencies: { vows: '0.7.x', request: '2.49.x', stylezero: '2.2.0' },
46 silly install resolved     bugs: { url: 'https://github.com/nodeapps/http-server/issues' },
46 silly install resolved     licenses: [ [Object] ],
46 silly install resolved     preferGlobal: 'true',
46 silly install resolved     bin: { 'http-server': './bin/http-server', hs: './bin/http-server' },
46 silly install resolved     gitHead: 'ac38a041c954c863fd695b0f70ba251399856812',
46 silly install resolved     homepage: 'https://github.com/indexzero/http-server',
46 silly install resolved     _id: 'http-server@0.8.0',
46 silly install resolved     _shasum: 'd4b671781ec6bf9fa6a311cd1df683b0b37b1491',
46 silly install resolved     _from: 'http-server@*',
46 silly install resolved     _npmVersion: '2.2.0',
46 silly install resolved     _nodeVersion: '0.10.33',
46 silly install resolved     _npmUser: { name: 'indexzero', email: 'charlie.robbins@gmail.com' },
46 silly install resolved     maintainers: [ [Object] ],
46 silly install resolved     dist:
46 silly install resolved      { shasum: 'd4b671781ec6bf9fa6a311cd1df683b0b37b1491',
46 silly install resolved        tarball: 'http://registry.npmjs.org/http-server/-/http-server-0.8.0.tgz' },
46 silly install resolved     directories: {},
46 silly install resolved     _resolved: 'https://registry.npmjs.org/http-server/-/http-server-0.8.0.tgz' } ]
47 info install http-server@0.8.0 into /usr/local/lib
48 info installOne http-server@0.8.0
49 verbose installOne of http-server to /usr/local/lib not in flight; installing
50 verbose lock using /Users/chris.toms/.npm/_locks/http-server-ae30c9ae1f4c5eaa.lock for /usr/local/lib/node_modules/http-server
51 silly install write writing http-server 0.8.0 to /usr/local/lib/node_modules/http-server
52 verbose unbuild lib/node_modules/http-server
53 silly gentlyRm /usr/local/lib/node_modules/http-server is being purged from base /usr/local
54 verbose gentlyRm don't care about contents; nuking /usr/local/lib/node_modules/http-server
55 verbose tar unpack /Users/chris.toms/.npm/http-server/0.8.0/package.tgz
56 verbose tar unpacking to /usr/local/lib/node_modules/http-server
57 silly gentlyRm /usr/local/lib/node_modules/http-server is being purged
58 verbose gentlyRm don't care about contents; nuking /usr/local/lib/node_modules/http-server
59 silly gunzTarPerm modes [ '755', '644' ]
60 error tar.unpack untar error /Users/chris.toms/.npm/http-server/0.8.0/package.tgz
61 verbose unlock done using /Users/chris.toms/.npm/_locks/http-server-ae30c9ae1f4c5eaa.lock for /usr/local/lib/node_modules/http-server
62 verbose fstream_path /usr/local/lib/node_modules/http-server
63 verbose fstream_type Directory
64 verbose fstream_class DirWriter
65 verbose stack Error: EACCES, mkdir '/usr/local/lib/node_modules/http-server'
65 verbose stack     at Error (native)
66 verbose fstream_stack /usr/local/lib/node_modules/npm/node_modules/fstream/lib/dir-writer.js:35:25
66 verbose fstream_stack /usr/local/lib/node_modules/npm/node_modules/mkdirp/index.js:47:53
66 verbose fstream_stack FSReqWrap.oncomplete (fs.js:95:15)
67 verbose cwd /Users/chris.toms/html5challenge
68 error Darwin 14.1.0
69 error argv "node" "/usr/local/bin/npm" "install" "http-server" "-g"
70 error node v0.12.4
71 error npm  v2.10.1
72 error path /usr/local/lib/node_modules/http-server
73 error code EACCES
74 error errno -13
75 error Error: EACCES, mkdir '/usr/local/lib/node_modules/http-server'
75 error     at Error (native)
75 error  { [Error: EACCES, mkdir '/usr/local/lib/node_modules/http-server']
75 error   errno: -13,
75 error   code: 'EACCES',
75 error   path: '/usr/local/lib/node_modules/http-server',
75 error   fstream_type: 'Directory',
75 error   fstream_path: '/usr/local/lib/node_modules/http-server',
75 error   fstream_class: 'DirWriter',
75 error   fstream_stack:
75 error    [ '/usr/local/lib/node_modules/npm/node_modules/fstream/lib/dir-writer.js:35:25',
75 error      '/usr/local/lib/node_modules/npm/node_modules/mkdirp/index.js:47:53',
75 error      'FSReqWrap.oncomplete (fs.js:95:15)' ] }
76 error Please try running this command again as root/Administrator.
77 verbose exit [ -13, true ]
78 verbose unbuild lib/node_modules/http-server
79 silly gentlyRm /usr/local/lib/node_modules/http-server is being purged from base /usr/local
80 verbose gentlyRm don't care about contents; nuking /usr/local/lib/node_modules/http-server
